2024-06-14 23:01:47.026 INFO  org.hibernate.validator.internal.util.Version     :21   [32m                  [0;39m HV000001: Hibernate Validator 8.0.0.Final
2024-06-14 23:01:47.041 INFO  com.jiawa.train.member.config.MemberApplication   :51   [32m                  [0;39m Starting MemberApplication using Java 17.0.11 with PID 35619 (/Users/jiancongzhu/Desktop/train/member/target/classes started by jiancongzhu in /Users/jiancongzhu/Desktop/train)
2024-06-14 23:01:47.042 INFO  com.jiawa.train.member.config.MemberApplication   :630  [32m                  [0;39m No active profile set, falling back to 1 default profile: "default"
2024-06-14 23:01:47.057 INFO  o.s.b.d.env.DevToolsPropertyDefaultsPostProcessor :250  [32m                  [0;39m Devtools property defaults active! Set 'spring.devtools.add-properties' to 'false' to disable
2024-06-14 23:01:47.058 INFO  o.s.b.d.env.DevToolsPropertyDefaultsPostProcessor :250  [32m                  [0;39m For additional web related logging consider setting the 'logging.level.web' property to 'DEBUG'
2024-06-14 23:01:47.338 INFO  o.springframework.cloud.context.scope.GenericScope:282  [32m                  [0;39m BeanFactory id=8f64cb94-43c3-35d2-a8bd-2d80461507f1
2024-06-14 23:01:47.598 INFO  o.s.boot.web.embedded.tomcat.TomcatWebServer      :114  [32m                  [0;39m Tomcat initialized with port(s): 8001 (http)
2024-06-14 23:01:47.602 INFO  org.apache.coyote.http11.Http11NioProtocol        :173  [32m                  [0;39m Initializing ProtocolHandler ["http-nio-8001"]
2024-06-14 23:01:47.603 INFO  org.apache.catalina.core.StandardService          :173  [32m                  [0;39m Starting service [Tomcat]
2024-06-14 23:01:47.603 INFO  org.apache.catalina.core.StandardEngine           :173  [32m                  [0;39m Starting Servlet engine: [Apache Tomcat/10.1.1]
2024-06-14 23:01:47.625 INFO  o.a.c.c.C.[Tomcat].[localhost].[/member]          :173  [32m                  [0;39m Initializing Spring embedded WebApplicationContext
2024-06-14 23:01:47.626 INFO  o.s.b.w.s.c.ServletWebServerApplicationContext    :291  [32m                  [0;39m Root WebApplicationContext: initialization completed in 568 ms
2024-06-14 23:01:47.906 WARN  o.s.core.LocalVariableTableParameterNameDiscoverer:123  [32m                  [0;39m Using deprecated '-debug' fallback for parameter name resolution. Compile the affected code with '-parameters' instead or avoid its introspection: com.github.pagehelper.autoconfigure.PageHelperStandardProperties
2024-06-14 23:01:47.976 WARN  o.s.b.d.autoconfigure.OptionalLiveReloadServer    :62   [32m                  [0;39m Unable to start LiveReload server
2024-06-14 23:01:48.001 INFO  org.apache.coyote.http11.Http11NioProtocol        :173  [32m                  [0;39m Starting ProtocolHandler ["http-nio-8001"]
2024-06-14 23:01:48.008 INFO  o.s.boot.web.embedded.tomcat.TomcatWebServer      :226  [32m                  [0;39m Tomcat started on port(s): 8001 (http) with context path '/member'
2024-06-14 23:01:48.014 INFO  com.jiawa.train.member.config.MemberApplication   :57   [32m                  [0;39m Started MemberApplication in 1.175 seconds (process running for 1.497)
2024-06-14 23:01:48.015 INFO  com.jiawa.train.member.config.MemberApplication   :21   [32m                  [0;39m å¯åŠ¨æˆåŠŸ
2024-06-14 23:01:48.015 INFO  com.jiawa.train.member.config.MemberApplication   :22   [32m                  [0;39m åœ°å€: 	http://127.0.0.1:8001/member/hello
2024-06-14 23:01:59.759 INFO  o.a.c.c.C.[Tomcat].[localhost].[/member]          :173  [32m                  [0;39m Initializing Spring DispatcherServlet 'dispatcherServlet'
2024-06-14 23:01:59.763 INFO  org.springframework.web.servlet.DispatcherServlet :525  [32m                  [0;39m Initializing Servlet 'dispatcherServlet'
2024-06-14 23:01:59.765 INFO  org.springframework.web.servlet.DispatcherServlet :547  [32m                  [0;39m Completed initialization in 1 ms
2024-06-14 23:01:59.851 INFO  com.jiawa.train.common.aspect.LogAspect           :49   [32m1718431319779s7d  [0;39m ------------- å¼€å§‹ -------------
2024-06-14 23:01:59.851 INFO  com.jiawa.train.common.aspect.LogAspect           :50   [32m1718431319779s7d  [0;39m è¯·æ±‚åœ°å€: http://127.0.0.1:8001/member/member/send-code POST
2024-06-14 23:01:59.851 INFO  com.jiawa.train.common.aspect.LogAspect           :51   [32m1718431319779s7d  [0;39m ç±»åæ–¹æ³•: com.jiawa.train.member.controller.MemberController.sendCode
2024-06-14 23:01:59.851 INFO  com.jiawa.train.common.aspect.LogAspect           :52   [32m1718431319779s7d  [0;39m è¿œç¨‹åœ°å€: 127.0.0.1
2024-06-14 23:01:59.888 INFO  com.jiawa.train.common.aspect.LogAspect           :73   [32m1718431319779s7d  [0;39m è¯·æ±‚å‚æ•°: [{"mobile":"13000000000"}]
2024-06-14 23:01:59.919 INFO  com.zaxxer.hikari.HikariDataSource                :110  [32m1718431319779s7d  [0;39m HikariPool-1 - Starting...
2024-06-14 23:02:02.076 INFO  com.zaxxer.hikari.pool.HikariPool                 :565  [32m1718431319779s7d  [0;39m HikariPool-1 - Added connection com.mysql.cj.jdbc.ConnectionImpl@220a9f07
2024-06-14 23:02:02.079 INFO  com.zaxxer.hikari.HikariDataSource                :123  [32m1718431319779s7d  [0;39m HikariPool-1 - Start completed.
2024-06-14 23:02:02.091 DEBUG c.j.t.member.mapper.MemberMapper.selectByExample  :137  [32m1718431319779s7d  [0;39m ==>  Preparing: select id, mobile from member WHERE ( mobile = ? )
2024-06-14 23:02:02.107 DEBUG c.j.t.member.mapper.MemberMapper.selectByExample  :137  [32m1718431319779s7d  [0;39m ==> Parameters: 13000000000(String)
2024-06-14 23:02:02.296 TRACE c.j.t.member.mapper.MemberMapper.selectByExample  :143  [32m1718431319779s7d  [0;39m <==    Columns: id, mobile
2024-06-14 23:02:02.297 TRACE c.j.t.member.mapper.MemberMapper.selectByExample  :143  [32m1718431319779s7d  [0;39m <==        Row: 1799255465557889024, 13000000000
2024-06-14 23:02:02.297 DEBUG c.j.t.member.mapper.MemberMapper.selectByExample  :137  [32m1718431319779s7d  [0;39m <==      Total: 1
2024-06-14 23:02:02.302 INFO  com.jiawa.train.member.service.MemberService      :64   [32m1718431319779s7d  [0;39m æ‰‹æœºå·å­˜åœ¨ï¼Œä¸æ’å…¥è®°å½•
2024-06-14 23:02:02.302 INFO  com.jiawa.train.member.service.MemberService      :70   [32m1718431319779s7d  [0;39m ç”ŸæˆçŸ­ä¿¡éªŒè¯ç ï¼š8888
2024-06-14 23:02:02.303 INFO  com.jiawa.train.member.service.MemberService      :73   [32m1718431319779s7d  [0;39m ä¿å­˜çŸ­ä¿¡è®°å½•è¡¨
2024-06-14 23:02:02.303 INFO  com.jiawa.train.member.service.MemberService      :76   [32m1718431319779s7d  [0;39m å¯¹æŽ¥çŸ­ä¿¡é€šé“
2024-06-14 23:02:02.304 INFO  com.jiawa.train.common.aspect.LogAspect           :85   [32m1718431319779s7d  [0;39m è¿”å›žç»“æžœ: {"success":true}
2024-06-14 23:02:02.304 INFO  com.jiawa.train.common.aspect.LogAspect           :86   [32m1718431319779s7d  [0;39m ------------- ç»“æŸ è€—æ—¶ï¼š2454 ms -------------
2024-06-14 23:02:03.034 INFO  com.jiawa.train.common.aspect.LogAspect           :49   [32m1718431323028ayu  [0;39m ------------- å¼€å§‹ -------------
2024-06-14 23:02:03.035 INFO  com.jiawa.train.common.aspect.LogAspect           :50   [32m1718431323028ayu  [0;39m è¯·æ±‚åœ°å€: http://127.0.0.1:8001/member/member/login POST
2024-06-14 23:02:03.035 INFO  com.jiawa.train.common.aspect.LogAspect           :51   [32m1718431323028ayu  [0;39m ç±»åæ–¹æ³•: com.jiawa.train.member.controller.MemberController.login
2024-06-14 23:02:03.035 INFO  com.jiawa.train.common.aspect.LogAspect           :52   [32m1718431323028ayu  [0;39m è¿œç¨‹åœ°å€: 127.0.0.1
2024-06-14 23:02:03.038 INFO  com.jiawa.train.common.aspect.LogAspect           :73   [32m1718431323028ayu  [0;39m è¯·æ±‚å‚æ•°: [{"code":"8888","mobile":"13000000000"}]
2024-06-14 23:02:03.201 DEBUG c.j.t.member.mapper.MemberMapper.selectByExample  :137  [32m1718431323028ayu  [0;39m ==>  Preparing: select id, mobile from member WHERE ( mobile = ? )
2024-06-14 23:02:03.203 DEBUG c.j.t.member.mapper.MemberMapper.selectByExample  :137  [32m1718431323028ayu  [0;39m ==> Parameters: 13000000000(String)
2024-06-14 23:02:03.367 TRACE c.j.t.member.mapper.MemberMapper.selectByExample  :143  [32m1718431323028ayu  [0;39m <==    Columns: id, mobile
2024-06-14 23:02:03.367 TRACE c.j.t.member.mapper.MemberMapper.selectByExample  :143  [32m1718431323028ayu  [0;39m <==        Row: 1799255465557889024, 13000000000
2024-06-14 23:02:03.368 DEBUG c.j.t.member.mapper.MemberMapper.selectByExample  :137  [32m1718431323028ayu  [0;39m <==      Total: 1
2024-06-14 23:02:03.636 INFO  com.jiawa.train.common.util.JwtUtil               :37   [32m1718431323028ayu  [0;39m ç”ŸæˆJWT tokenï¼šeyJ0eXAiOiJKV1QiLCJhbGciOiJIUzI1NiJ9.eyJuYmYiOjE3MTg0MzEzMjMsIm1vYmlsZSI6IjEzMDAwMDAwMDAwIiwiaWQiOjE3OTkyNTU0NjU1NTc4ODkwMjQsImV4cCI6MTcxODUxNzcyMywiaWF0IjoxNzE4NDMxMzIzfQ.ZPOBoRNO61GE6skvYDySX8pA97dhGr0QnMR304Nn6eU
2024-06-14 23:02:03.637 INFO  com.jiawa.train.common.aspect.LogAspect           :85   [32m1718431323028ayu  [0;39m è¿”å›žç»“æžœ: {"content":{"id":1799255465557889024,"mobile":"13000000000","token":"eyJ0eXAiOiJKV1QiLCJhbGciOiJIUzI1NiJ9.eyJuYmYiOjE3MTg0MzEzMjMsIm1vYmlsZSI6IjEzMDAwMDAwMDAwIiwiaWQiOjE3OTkyNTU0NjU1NTc4ODkwMjQsImV4cCI6MTcxODUxNzcyMywiaWF0IjoxNzE4NDMxMzIzfQ.ZPOBoRNO61GE6skvYDySX8pA97dhGr0QnMR304Nn6eU"},"success":true}
2024-06-14 23:02:03.637 INFO  com.jiawa.train.common.aspect.LogAspect           :86   [32m1718431323028ayu  [0;39m ------------- ç»“æŸ è€—æ—¶ï¼š603 ms -------------
